12:35:15.878 [main] INFO  GenerateLogData$ - Log data generator started...
12:35:16.172 [main] WARN  HelperUtils.Parameters$ - Max count 100 is used to create records instead of timeouts
12:35:19.547 [scala-execution-context-global-21] WARN  HelperUtils.Parameters$ - s%]s,+2k|D}K7b/XCwG&@7HDPR8z
12:35:21.618 [scala-execution-context-global-21] INFO  HelperUtils.Parameters$ - ;kNI&V%v<c#eSDK@lPY(
12:35:23.581 [scala-execution-context-global-21] INFO  HelperUtils.Parameters$ - l9]|92!uHUQ/IVcz~(;.Uz%K*5jTUd08
12:35:26.110 [scala-execution-context-global-21] INFO  HelperUtils.Parameters$ - G3sw7^U<^q^Cl!aMTDbNz<:$;?e<.0JD_'
12:35:31.869 [scala-execution-context-global-21] WARN  HelperUtils.Parameters$ - A><YFqpg+~"E1T
12:35:35.739 [scala-execution-context-global-21] DEBUG HelperUtils.Parameters$ - JrQB;P0"&+6;&Dk-
12:35:36.839 [scala-execution-context-global-21] INFO  HelperUtils.Parameters$ - OsI1`qAeU5H;\+
12:35:38.559 [scala-execution-context-global-21] INFO  HelperUtils.Parameters$ - [h!Q9PEY>L(NpKLBO"Gjo:=4kRXQ_tZ!
12:35:43.004 [scala-execution-context-global-21] INFO  HelperUtils.Parameters$ - B?y&C"C5rsb:2037;f&|vM#x?z|Ny|&<44Z8B&rF1#&M
12:35:47.023 [scala-execution-context-global-21] WARN  HelperUtils.Parameters$ - x2oBSI0/\%CdfV2%ChSsnZ7vJo=2qJqZ%."kbc!0ne`y&m
12:35:53.999 [scala-execution-context-global-21] ERROR HelperUtils.Parameters$ - ihu}!A2]*07}|,lc
12:35:57.439 [scala-execution-context-global-21] INFO  HelperUtils.Parameters$ - CC]>~R#,^#0JWyESarZdETDcvk)Yk'I?
12:36:03.539 [scala-execution-context-global-21] WARN  HelperUtils.Parameters$ - Swq;g+6M:?820=Gmd#.p)sFaqoKc^mm](.A8Z-4-].tp|cfR\~rc(m^{
12:36:06.629 [scala-execution-context-global-21] INFO  HelperUtils.Parameters$ - zXK=Fze%-6Iv-^q{zhG|EUzvd);tOj-:
12:36:14.392 [scala-execution-context-global-21] INFO  HelperUtils.Parameters$ - ^<A>61@{3[KEk@M/Xh-q%sco3Dkwq~
12:36:18.189 [scala-execution-context-global-21] WARN  HelperUtils.Parameters$ - Bv^B8Re'$VG)[P".g*?f<G\l5n.18B|i<E&rgPQZ;wBeA{4O/fy+Pp
12:36:20.581 [scala-execution-context-global-21] WARN  HelperUtils.Parameters$ - k1H+R#/%d0>Q>N:6\enT]U
12:36:26.768 [scala-execution-context-global-21] INFO  HelperUtils.Parameters$ - 8G;,3m_T`G#H]&Yh:Ei1%fp''5`cg1B8wP6gce3L5vcg0Y5o%<Bqz8fMm#{JWqMdoc_2N/|wf8]
12:36:34.588 [scala-execution-context-global-21] DEBUG HelperUtils.Parameters$ - c\y//.%kg%2N
12:36:42.901 [scala-execution-context-global-21] WARN  HelperUtils.Parameters$ - 0HnvSr"v`\?{gu{Dhgh&UqA&B<JiDUM]-jj!
12:36:45.295 [scala-execution-context-global-21] INFO  HelperUtils.Parameters$ - fc1E6~(TTd|CJ/O=w>f<Thezx#4_tD4r(eCzKx#\=-IR
12:36:49.239 [scala-execution-context-global-21] DEBUG HelperUtils.Parameters$ - U.d}}^!Bkw~b`Nx!`r-=:"H8ptMw$M`Ry{poIvE'
12:36:57.870 [scala-execution-context-global-21] INFO  HelperUtils.Parameters$ - hw!35r!B0Pmw<#J_k,
12:37:01.174 [scala-execution-context-global-21] INFO  HelperUtils.Parameters$ - Jm[G#.}y7f3L>j((gA1PY$Q~D>n,;K9sZ6FFBf{vP|i+Knp>].Ht
12:37:09.871 [scala-execution-context-global-21] INFO  HelperUtils.Parameters$ - e=QYsx9@sHjnJ&
12:37:12.855 [scala-execution-context-global-21] INFO  HelperUtils.Parameters$ - pgglAq@Gk=@y*1/ItYC6
12:37:14.372 [scala-execution-context-global-21] WARN  HelperUtils.Parameters$ - E0['2m>&MmG`)j;+co}KuM=R_IL&kgnsfM
12:37:18.779 [scala-execution-context-global-21] INFO  HelperUtils.Parameters$ - A;S\$!BT(45+E$
12:37:19.881 [scala-execution-context-global-21] INFO  HelperUtils.Parameters$ - 2h/Z`Yr/5NB7pN<yUl6]nfX)]RdD"/~e%fT~
12:37:25.199 [scala-execution-context-global-21] WARN  HelperUtils.Parameters$ - H.5E$eb{t^2o[EVil)B1)TCoGfX]
12:37:27.649 [scala-execution-context-global-21] ERROR HelperUtils.Parameters$ - U/wPF+VE5u/CPl~'M$\b,A))q,YqWaHYrw6-$"
12:37:35.628 [scala-execution-context-global-21] WARN  HelperUtils.Parameters$ - JhUo/\\rfR?>g22_eDv^Q,m.Z7g*)[ru^EIxz)/$rVDR
12:37:41.095 [scala-execution-context-global-21] WARN  HelperUtils.Parameters$ - /B|k^ZutT;}Hv6w:gYD20w4_CF}x\<ZA;3KW$foxK;V4w0>!~ag;
12:37:43.113 [scala-execution-context-global-21] INFO  HelperUtils.Parameters$ - FMi1rp]'d@qrI4~NN(oII)]o[}
12:37:47.950 [scala-execution-context-global-21] INFO  HelperUtils.Parameters$ - Va[krmM!qC\-d^+du`4zyP4*DXJN"H>?wSS/&tH73o4NL/ddfs
12:37:55.639 [scala-execution-context-global-21] INFO  HelperUtils.Parameters$ - kfgX&]w<[lPT6`mN?vj<E`O2QUg#J|
12:38:00.180 [scala-execution-context-global-21] WARN  HelperUtils.Parameters$ - +L4QTA>O=|v}VbE`OA>a3BL7.Nbi\/9S-c'xH~ay5Dn~cl
12:38:05.270 [scala-execution-context-global-21] WARN  HelperUtils.Parameters$ - u4'B!`-`hV_M}Q
12:38:08.537 [scala-execution-context-global-21] DEBUG HelperUtils.Parameters$ - u`c,m~JQeFN+7W*b>fwkvKB`H'mHpU;94%h|"K<\(*qdNIF,E)_9
12:38:14.983 [scala-execution-context-global-21] INFO  HelperUtils.Parameters$ - G_'n>1F$b@#D)~\t%k-B
12:38:21.099 [scala-execution-context-global-21] WARN  HelperUtils.Parameters$ - m\KO=2"Vk?7i<R?F1G0dB,q/EH5R9gae1ce3R5oM7pD9gN9kbg0\Ok34*aRQMo,f9p#)I#)nevUHKT
12:38:23.592 [scala-execution-context-global-21] INFO  HelperUtils.Parameters$ - .2_%E)I}ULqv-UHR4'[QSVpxR>'N}!ha,D<?[gt*L@E_d0
12:38:33.201 [scala-execution-context-global-21] INFO  HelperUtils.Parameters$ - C+(_o;-#G&DO7qA4)B9;Z4'nt9T+O9tV8pbf0E7lcg060J0!5,#!uy1GnA71gTiI~WJV6Jp
12:38:39.653 [scala-execution-context-global-21] INFO  HelperUtils.Parameters$ - V{Kk!q6%?,$LjI79Sn4Xi8Y#rBH2w;x@9~J2Av]}Yx
12:38:46.462 [scala-execution-context-global-21] DEBUG HelperUtils.Parameters$ - G_[4YQwW,$Qsa)A6h9g"Gb}.^i
12:38:48.029 [scala-execution-context-global-21] WARN  HelperUtils.Parameters$ - @v(bgST_YoTxSu4Kc"vfmK33H<j"0%'%h_j<4a3<ktvxv.:Pw:&},o=H)9K,
12:38:50.123 [scala-execution-context-global-21] INFO  HelperUtils.Parameters$ - wJ2;7[[OXsR0%S'M3si`<r@(MpvR9D?Q
12:38:53.084 [scala-execution-context-global-21] INFO  HelperUtils.Parameters$ - =K/bj(gE{:1?
12:38:54.908 [scala-execution-context-global-21] INFO  HelperUtils.Parameters$ - ?KtN2l&<E9vCmFB;}t`YkNB{,#V#7hPy0`
12:38:56.179 [scala-execution-context-global-21] INFO  HelperUtils.Parameters$ - +{%f!t9st;(_]|11
12:39:01.339 [scala-execution-context-global-21] INFO  HelperUtils.Parameters$ - vQmRLC5u%PYQ){jv8\3KV|VBAZ&<(T\k
12:39:02.683 [scala-execution-context-global-21] INFO  HelperUtils.Parameters$ - lPzyvh<1~#Th"6yET)N)(x>btPBC"Ijg
12:39:10.675 [scala-execution-context-global-21] INFO  HelperUtils.Parameters$ - >*mMh"-a<v7ob!g8x(lwSrOn
12:39:18.829 [scala-execution-context-global-21] INFO  HelperUtils.Parameters$ - o9Ohl5{grA`'?D>MK%&~)Z&<LSsf=h|TUuHGz"?#Fhef
12:39:24.239 [scala-execution-context-global-21] WARN  HelperUtils.Parameters$ - S|MWZ|hpop{l[q-C|lW'tqL%,jUM}r;EZXqYc+}-f4Xj
12:39:31.879 [scala-execution-context-global-21] WARN  HelperUtils.Parameters$ - "=.,!o(h,!@2v/-+XW1G>83S]oU%pB]a&_
12:39:33.712 [scala-execution-context-global-21] INFO  HelperUtils.Parameters$ - $ti;WPm/3*qC$!pJlVpNLD
12:39:39.725 [scala-execution-context-global-21] INFO  HelperUtils.Parameters$ - "WLT&r}2>'~[rlPAH"U@&M|>-0ht<WpD<fjPa_Ia=p$s;&R?YF
12:39:47.249 [scala-execution-context-global-21] WARN  HelperUtils.Parameters$ - q+W02QKwH+X?
12:39:50.031 [scala-execution-context-global-21] WARN  HelperUtils.Parameters$ - K{*jT4m}|}}TbvmI9+H#Pf
12:39:55.667 [scala-execution-context-global-21] INFO  HelperUtils.Parameters$ - vAIujv|o~G~y
12:39:59.689 [scala-execution-context-global-21] INFO  HelperUtils.Parameters$ - Yx#_mdu~4urT`~uj&PX}hz8-1F]<
12:40:05.486 [scala-execution-context-global-21] INFO  HelperUtils.Parameters$ - (a?>(r5q>HIPaZ^6
12:40:10.140 [scala-execution-context-global-21] DEBUG HelperUtils.Parameters$ - ~}G.unJ8!h(:Q4LnE?aSezIi@gy>m[g\
12:40:19.072 [scala-execution-context-global-21] INFO  HelperUtils.Parameters$ - ]%@JYvXPxLwbc,S'k4k$%K5IL$Xv-W8zv@Ex\C;"v8nlB!/Z
12:40:28.340 [scala-execution-context-global-21] INFO  HelperUtils.Parameters$ - +Vi/[%mPl#w+_|.BTr\EVnm$Fb6OIgbovxi]=)?N]8xo&dw[
12:40:36.939 [scala-execution-context-global-21] INFO  HelperUtils.Parameters$ - 5fZS"fHROCy4MJ_R:C7(!i-5gqZ&|uKjicVFaDb4C+^bil
12:40:46.873 [scala-execution-context-global-21] INFO  HelperUtils.Parameters$ - =4nz:Al0"Q`,2bTLf99#f)[,5o:Sv)AvG>x}o)i<{+}2@pg|GZEnzA
12:40:53.392 [scala-execution-context-global-21] INFO  HelperUtils.Parameters$ - ck0yhM)~Jz@"g8i+AD
12:41:01.641 [scala-execution-context-global-21] INFO  HelperUtils.Parameters$ - $Xf;HbGEezn.^lv_Ig0N4N^ql/E(bhY6[Nt'
12:41:08.840 [scala-execution-context-global-21] WARN  HelperUtils.Parameters$ - }nD~U33aLY#$^G`<p.IPhqhCvLic!k)|fPDckI=/fyq+bkv}b&e0
12:41:18.666 [scala-execution-context-global-21] INFO  HelperUtils.Parameters$ - B#BNGz.@tV82Dl4\&-$iO\5Pqq{lxe?5VyjI.g)s<\_4`3~u)~c{DdZe
12:41:24.650 [scala-execution-context-global-21] WARN  HelperUtils.Parameters$ - \=0[(yB^G+Xq;`NbXNeZDnN7A:.)Ix"X`6wP&;"/g,,p@'V[RBSS
12:41:32.062 [scala-execution-context-global-21] INFO  HelperUtils.Parameters$ - }q2q*9HlQ+!c>Y
12:41:40.775 [scala-execution-context-global-21] INFO  HelperUtils.Parameters$ - X53pLwkGdcUGFuU6>A1A
12:41:45.743 [scala-execution-context-global-21] INFO  HelperUtils.Parameters$ - GXo"P>yeh#WI2\oiqGvoA)f|s?9C(6]G
12:41:53.475 [scala-execution-context-global-21] INFO  HelperUtils.Parameters$ - o$)1W[+veTY;8S5?]$pVE;hu,L'j!EvLro"D]]jDML=DVTsbXT3p;D@;K+
12:41:57.019 [scala-execution-context-global-21] WARN  HelperUtils.Parameters$ - W_J{LztzZ@9bBZ='Uh`g`-xzJ>S=,Gi!#:a~/Vgw,LLqn.Q*G&,L)6x|ksI[
12:42:02.571 [scala-execution-context-global-21] INFO  HelperUtils.Parameters$ - :Ura`Q!{@/[aE+C|Hh-H
12:42:10.689 [scala-execution-context-global-21] INFO  HelperUtils.Parameters$ - qU"i#gm'C#'whfqhWcY{i*Px$\EL=5%=CxUDRR<+q!zf9C=S
12:42:18.437 [scala-execution-context-global-21] INFO  HelperUtils.Parameters$ - a|Mpbb9ZJqvW94<kBHXq#>\mu<GV4{[AMrC}-i
12:42:20.839 [scala-execution-context-global-21] INFO  HelperUtils.Parameters$ - |{K<bNc%wx+%>h&X-ikw0:^|+4*#ME^~,p>SI5GtpIy(BJ!z/h
12:42:23.362 [scala-execution-context-global-21] WARN  HelperUtils.Parameters$ - =v\_Hl<m,@?8
12:42:30.062 [scala-execution-context-global-21] INFO  HelperUtils.Parameters$ - QG-C_j>dk`f_XO2`4sINqF]6N!gOq@ug4dQ<3Uu_3})huSv3Z'k',7
12:42:39.051 [scala-execution-context-global-21] WARN  HelperUtils.Parameters$ - <#^:&`ux:S@hd/:9=dTP/_
12:42:44.884 [scala-execution-context-global-21] WARN  HelperUtils.Parameters$ - z#8]H2+8L<}<,Dx~G_DL7?h4Rl"i
12:42:52.469 [scala-execution-context-global-21] INFO  HelperUtils.Parameters$ - ,GYymb#VZ);Ar-Q[.nPuO?A'M$Fh\brPXAh%#:t13C{Mf*
12:43:01.861 [scala-execution-context-global-21] INFO  HelperUtils.Parameters$ - .Z2g^~=:5io[nIqm*.0LZ*.4FBZ2U+0k\|+j+pNi<R*20vnCfo
12:43:08.414 [scala-execution-context-global-21] INFO  HelperUtils.Parameters$ - }#,yuVIfDLDgt}^)2NQ0yu(0wMZA2k^'$^9bYw`>hxe`tt^H
12:43:15.573 [scala-execution-context-global-21] INFO  HelperUtils.Parameters$ - eU/XG^gP/eIcnsTOqVW;2.L=lago|h0uE,JVr/fLCAWFR>ISB\B>?mh"z~mD
12:43:20.553 [scala-execution-context-global-21] INFO  HelperUtils.Parameters$ - L(;r\kD-:4=zB%[bn6uHK%},SU5+D:11x{LA}to=K$2p(T
12:43:29.159 [scala-execution-context-global-21] INFO  HelperUtils.Parameters$ - Ec_bjRvJ[-M6;beE:5Sd8uJ#OK
12:43:35.063 [scala-execution-context-global-21] INFO  HelperUtils.Parameters$ - LV/8jpWAQ,'s+1KRYhft
12:43:38.419 [scala-execution-context-global-21] INFO  HelperUtils.Parameters$ - hj|Ou>#QE"cjCw/V1Jd3*kcr
12:43:40.679 [scala-execution-context-global-21] WARN  HelperUtils.Parameters$ - wa*sE_Y94qn,kp(9@IyO,<VwM@OLbFEO/`s&"=Uqn7
12:43:43.986 [scala-execution-context-global-21] WARN  HelperUtils.Parameters$ - ,VH1=i?ZeE"$5(`xy$D%0k.jo3a-)O
12:43:52.191 [scala-execution-context-global-21] INFO  HelperUtils.Parameters$ - }`eC-ki!IT-7!6~.dbGqy8e?@;_UA9FOP2^{tss:$c
12:43:55.840 [scala-execution-context-global-21] INFO  HelperUtils.Parameters$ - RB~OeW(s9q62!NrTAdS?V$!&eb%WX/CU[$0g/s97pkxLaV0KaE2S
12:44:01.131 [scala-execution-context-global-21] DEBUG HelperUtils.Parameters$ - Mw_'t:FE*"]#f+P8~Rbgb5e8mLuP$x+,#}U)P[SEhN&_&O(E$j
12:44:07.365 [scala-execution-context-global-21] INFO  HelperUtils.Parameters$ - %>MU>W*sP3TeHTK;[5v{0mchs!G?n[5rpWmG_&r>{[0[Nf,I,`OP<T`jic'(
12:44:07.366 [main] INFO  GenerateLogData$ - Log data generation has completed after generating 100 records.
